<?xml version="1.0" encoding="UTF-8"?>
<!-- Generated by org.testng.reporters.JUnitXMLReporter -->
<testsuite hostname="DSSI-157" ignored="0" name="Product Selection and Sorting" tests="8" failures="0" timestamp="04 Oct 2017 12:35:43 GMT" time="62.548" errors="0">
  <testcase name="verifyTitle" time="2.06" classname="testcases.Shop"/>
  <testcase name="selectProduct" time="4.299" classname="testcases.Shop"/>
  <testcase name="sortProductList" time="7.307" classname="testcases.Shop"/>
  <testcase name="comparePrice" time="0.036" classname="testcases.Shop"/>
  <testcase name="verifyQuantity" time="2.778" classname="testcases.Shop"/>
  <testcase name="verifyOutOfStock" time="14.55" classname="testcases.Shop"/>
  <testcase name="productCompare" time="3.253" classname="testcases.Shop"/>
  <testcase name="validatepopup" time="20.256" classname="testcases.Shop"/>
</testsuite> <!-- Product Selection and Sorting -->
